
> @vibex/tools@0.1.0 build /Users/hugh/tc/vibex/packages/tools
> tsup src/index.ts --format cjs,esm --dts

[34mCLI[39m Building entry: src/index.ts
[34mCLI[39m Using tsconfig: tsconfig.json
[34mCLI[39m tsup v8.5.1
[34mCLI[39m Target: es2020
[34mCJS[39m Build start
[34mESM[39m Build start
[31mâœ˜ [41;31m[[41;97mERROR[41;31m][0m [1mCould not resolve "reflect-metadata"[0m

    src/base.ts:9:7:
[37m      9 â”‚ import [32m"reflect-metadata"[37m;
        â•µ        [32m~~~~~~~~~~~~~~~~~~[0m

  You can mark the path "reflect-metadata" as
  external to exclude it from the bundle,
  which will remove this error and leave the
  unresolved path in the bundle.

[31mâœ˜ [41;31m[[41;97mERROR[41;31m][0m [1mCould not resolve "reflect-metadata"[0m

    src/base.ts:9:7:
[37m      9 â”‚ import [32m"reflect-metadata"[37m;
        â•µ        [32m~~~~~~~~~~~~~~~~~~[0m

  You can mark the path "reflect-metadata" as
  external to exclude it from the bundle,
  which will remove this error and leave the
  unresolved path in the bundle.

[31mâœ˜ [41;31m[[41;97mERROR[41;31m][0m [1mCould not resolve "@/lib/vibex-paths"[0m

    src/base.ts:11:29:
[37m      11 â”‚ ...oot } from [32m"@/lib/vibex-paths"[37m;
         â•µ               [32m~~~~~~~~~~~~~~~~~~~[0m

  You can mark the path "@/lib/vibex-paths"
  as external to exclude it from the bundle,
  which will remove this error and leave the
  unresolved path in the bundle.

[31mâœ˜ [41;31m[[41;97mERROR[41;31m][0m [1mCould not resolve "@/lib/vibex-paths"[0m

    src/base.ts:11:29:
[37m      11 â”‚ ...oot } from [32m"@/lib/vibex-paths"[37m;
         â•µ               [32m~~~~~~~~~~~~~~~~~~~[0m

  You can mark the path "@/lib/vibex-paths"
  as external to exclude it from the bundle,
  which will remove this error and leave the
  unresolved path in the bundle.

[31mâœ˜ [41;31m[[41;97mERROR[41;31m][0m [1mCould not resolve "../storage/space"[0m

    src/base.ts:295:49:
[37m      295 â”‚ ...it import([32m"../storage/space"[37m);
          â•µ              [32m~~~~~~~~~~~~~~~~~~[0m

[31mâœ˜ [41;31m[[41;97mERROR[41;31m][0m [1mCould not resolve "../storage/space"[0m

    src/base.ts:295:49:
[37m      295 â”‚ ...it import([32m"../storage/space"[37m);
          â•µ              [32m~~~~~~~~~~~~~~~~~~[0m

[31mESM[39m [31mBuild failed[39m
[31mError: Build failed with 3 errors:
src/base.ts:9:7: ERROR: Could not resolve "reflect-metadata"
src/base.ts:11:29: ERROR: Could not resolve "@/lib/vibex-paths"
src/base.ts:295:49: ERROR: Could not resolve "../storage/space"
    at failureErrorWithLog (/Users/hugh/tc/vibex/node_modules/.pnpm/esbuild@0.27.0/node_modules/esbuild/lib/main.js:1467:15)
    at /Users/hugh/tc/vibex/node_modules/.pnpm/esbuild@0.27.0/node_modules/esbuild/lib/main.js:926:25
    at runOnEndCallbacks (/Users/hugh/tc/vibex/node_modules/.pnpm/esbuild@0.27.0/node_modules/esbuild/lib/main.js:1307:45)
    at buildResponseToResult (/Users/hugh/tc/vibex/node_modules/.pnpm/esbuild@0.27.0/node_modules/esbuild/lib/main.js:924:7)
    at /Users/hugh/tc/vibex/node_modules/.pnpm/esbuild@0.27.0/node_modules/esbuild/lib/main.js:951:16
    at responseCallbacks.<computed> (/Users/hugh/tc/vibex/node_modules/.pnpm/esbuild@0.27.0/node_modules/esbuild/lib/main.js:603:9)
    at handleIncomingPacket (/Users/hugh/tc/vibex/node_modules/.pnpm/esbuild@0.27.0/node_modules/esbuild/lib/main.js:658:12)
    at Socket.readFromStdout (/Users/hugh/tc/vibex/node_modules/.pnpm/esbuild@0.27.0/node_modules/esbuild/lib/main.js:581:7)
    at Socket.emit (node:events:524:28)
    at addChunk (node:internal/streams/readable:561:12)[39m
[31mCJS[39m [31mBuild failed[39m
DTS Build start
src/index.ts(8,26): error TS2307: Cannot find module '@vibex/core' or its corresponding type declarations.
src/index.ts(9,22): error TS6307: File '/Users/hugh/tc/vibex/packages/tools/src/base.ts' is not listed within the file list of project ''. Projects must list all files or use an 'include' pattern.
  The file is in the program because:
    Imported via "./base" from file '/Users/hugh/tc/vibex/packages/tools/src/index.ts'
    Imported via "./base" from file '/Users/hugh/tc/vibex/packages/tools/src/file.ts'
    Imported via './base' from file '/Users/hugh/tc/vibex/packages/tools/src/search.ts'
    Imported via './base' from file '/Users/hugh/tc/vibex/packages/tools/src/web.ts'
src/index.ts(12,26): error TS6307: File '/Users/hugh/tc/vibex/packages/tools/src/file.ts' is not listed within the file list of project ''. Projects must list all files or use an 'include' pattern.
src/index.ts(13,28): error TS6307: File '/Users/hugh/tc/vibex/packages/tools/src/search.ts' is not listed within the file list of project ''. Projects must list all files or use an 'include' pattern.
src/index.ts(14,25): error TS6307: File '/Users/hugh/tc/vibex/packages/tools/src/web.ts' is not listed within the file list of project ''. Projects must list all files or use an 'include' pattern.
src/index.ts(50,51): error TS2307: Cannot find module '../data/factory' or its corresponding type declarations.
src/index.ts(218,27): error TS2580: Cannot find name 'process'. Do you need to install type definitions for node? Try `npm i --save-dev @types/node`.

DTS Build error
RollupError: [plugin dts] src/index.ts: Failed to compile. Check the logs above.
    at getRollupError (/Users/hugh/tc/vibex/node_modules/.pnpm/rollup@4.53.3/node_modules/rollup/dist/shared/parseAst.js:285:41)
    at Object.error (/Users/hugh/tc/vibex/node_modules/.pnpm/rollup@4.53.3/node_modules/rollup/dist/shared/parseAst.js:281:42)
    at Object.error (/Users/hugh/tc/vibex/node_modules/.pnpm/rollup@4.53.3/node_modules/rollup/dist/shared/rollup.js:913:32)
    at Object.error (/Users/hugh/tc/vibex/node_modules/.pnpm/rollup@4.53.3/node_modules/rollup/dist/shared/rollup.js:22415:42)
    at generateDtsFromTs (/Users/hugh/tc/vibex/node_modules/.pnpm/tsup@8.5.1_jiti@1.21.7_postcss@8.5.6_typescript@5.9.3_yaml@2.8.1/node_modules/tsup/dist/rollup.js:6429:22)
    at /Users/hugh/tc/vibex/node_modules/.pnpm/tsup@8.5.1_jiti@1.21.7_postcss@8.5.6_typescript@5.9.3_yaml@2.8.1/node_modules/tsup/dist/rollup.js:6436:59
    at _nullishCoalesce (/Users/hugh/tc/vibex/node_modules/.pnpm/tsup@8.5.1_jiti@1.21.7_postcss@8.5.6_typescript@5.9.3_yaml@2.8.1/node_modules/tsup/dist/rollup.js:1:472)
    at Object.transform (/Users/hugh/tc/vibex/node_modules/.pnpm/tsup@8.5.1_jiti@1.21.7_postcss@8.5.6_typescript@5.9.3_yaml@2.8.1/node_modules/tsup/dist/rollup.js:6436:18)
    at /Users/hugh/tc/vibex/node_modules/.pnpm/rollup@4.53.3/node_modules/rollup/dist/shared/rollup.js:3392:40
[41m[30mâ€‰ELIFECYCLEâ€‰[39m[49m [31mCommand failed with exit code 1.[39m
